  NetworkingUtils.cpp
c:\users\jonny0815\source\repos\multitouch\mt_framework_2015_cv.2.4.10\oscpack\ip\win32\networkingutils.cpp(80): warning C4996: 'gethostbyname': Use getaddrinfo() or GetAddrInfoW() instead or define _WINSOCK_DEPRECATED_NO_WARNINGS to disable deprecated API warnings
  c:\program files (x86)\windows kits\10\include\10.0.16299.0\um\winsock2.h(2218): note: see declaration of 'gethostbyname'
  UdpSocket.cpp
  OscOutboundPacketStream.cpp
c:\users\jonny0815\source\repos\multitouch\mt_framework_2015_cv.2.4.10\oscpack\osc\oscoutboundpacketstream.cpp(197): warning C4244: 'initializing': conversion from '__int64' to 'osc::uint32', possible loss of data
c:\users\jonny0815\source\repos\multitouch\mt_framework_2015_cv.2.4.10\oscpack\osc\oscoutboundpacketstream.cpp(225): warning C4267: 'argument': conversion from 'size_t' to 'long', possible loss of data
c:\users\jonny0815\source\repos\multitouch\mt_framework_2015_cv.2.4.10\oscpack\osc\oscoutboundpacketstream.cpp(236): warning C4244: 'argument': conversion from '__int64' to 'long', possible loss of data
c:\users\jonny0815\source\repos\multitouch\mt_framework_2015_cv.2.4.10\oscpack\osc\oscoutboundpacketstream.cpp(236): warning C4244: 'initializing': conversion from '__int64' to 'unsigned long', possible loss of data
c:\users\jonny0815\source\repos\multitouch\mt_framework_2015_cv.2.4.10\oscpack\osc\oscoutboundpacketstream.cpp(255): warning C4244: 'return': conversion from '__int64' to 'unsigned int', possible loss of data
c:\users\jonny0815\source\repos\multitouch\mt_framework_2015_cv.2.4.10\oscpack\osc\oscoutboundpacketstream.cpp(261): warning C4244: 'initializing': conversion from '__int64' to 'unsigned int', possible loss of data
c:\users\jonny0815\source\repos\multitouch\mt_framework_2015_cv.2.4.10\oscpack\osc\oscoutboundpacketstream.cpp(265): warning C4244: 'argument': conversion from '__int64' to 'long', possible loss of data
c:\users\jonny0815\source\repos\multitouch\mt_framework_2015_cv.2.4.10\oscpack\osc\oscoutboundpacketstream.cpp(339): warning C4996: 'strcpy': This function or variable may be unsafe. Consider using strcpy_s instead. To disable deprecation, use _CRT_SECURE_NO_WARNINGS. See online help for details.
  c:\program files (x86)\windows kits\10\include\10.0.16299.0\ucrt\string.h(132): note: see declaration of 'strcpy'
c:\users\jonny0815\source\repos\multitouch\mt_framework_2015_cv.2.4.10\oscpack\osc\oscoutboundpacketstream.cpp(340): warning C4267: 'initializing': conversion from 'size_t' to 'unsigned long', possible loss of data
c:\users\jonny0815\source\repos\multitouch\mt_framework_2015_cv.2.4.10\oscpack\osc\oscoutboundpacketstream.cpp(366): warning C4244: 'initializing': conversion from '__int64' to 'int', possible loss of data
c:\users\jonny0815\source\repos\multitouch\mt_framework_2015_cv.2.4.10\oscpack\osc\oscoutboundpacketstream.cpp(376): warning C4244: 'initializing': conversion from '__int64' to 'osc::uint32', possible loss of data
c:\users\jonny0815\source\repos\multitouch\mt_framework_2015_cv.2.4.10\oscpack\osc\oscoutboundpacketstream.cpp(578): warning C4267: 'argument': conversion from 'size_t' to 'long', possible loss of data
c:\users\jonny0815\source\repos\multitouch\mt_framework_2015_cv.2.4.10\oscpack\osc\oscoutboundpacketstream.cpp(581): warning C4996: 'strcpy': This function or variable may be unsafe. Consider using strcpy_s instead. To disable deprecation, use _CRT_SECURE_NO_WARNINGS. See online help for details.
  c:\program files (x86)\windows kits\10\include\10.0.16299.0\ucrt\string.h(132): note: see declaration of 'strcpy'
c:\users\jonny0815\source\repos\multitouch\mt_framework_2015_cv.2.4.10\oscpack\osc\oscoutboundpacketstream.cpp(582): warning C4267: 'initializing': conversion from 'size_t' to 'unsigned long', possible loss of data
c:\users\jonny0815\source\repos\multitouch\mt_framework_2015_cv.2.4.10\oscpack\osc\oscoutboundpacketstream.cpp(598): warning C4267: 'argument': conversion from 'size_t' to 'long', possible loss of data
c:\users\jonny0815\source\repos\multitouch\mt_framework_2015_cv.2.4.10\oscpack\osc\oscoutboundpacketstream.cpp(601): warning C4996: 'strcpy': This function or variable may be unsafe. Consider using strcpy_s instead. To disable deprecation, use _CRT_SECURE_NO_WARNINGS. See online help for details.
  c:\program files (x86)\windows kits\10\include\10.0.16299.0\ucrt\string.h(132): note: see declaration of 'strcpy'
c:\users\jonny0815\source\repos\multitouch\mt_framework_2015_cv.2.4.10\oscpack\osc\oscoutboundpacketstream.cpp(602): warning C4267: 'initializing': conversion from 'size_t' to 'unsigned long', possible loss of data
  OscTypes.cpp
  TuioServer.cpp
c:\users\jonny0815\source\repos\multitouch\mt_framework_2015_cv.2.4.10\tuio\tuioserver.cpp(182): warning C4101: 'e': unreferenced local variable
  TuioTime.cpp
  Finger.cpp
  main.cpp
  Generating code
  5 of 642 functions ( 0.8%) were compiled, the rest were copied from previous compilation.
    0 functions were new in current compilation
    0 functions had inline decision re-evaluated but remain unchanged
  Finished generating code
  mt_framework_2015_cv.2.4.10.vcxproj -> C:\Users\Jonny0815\Source\Repos\MultiTouch\mt_framework_2015_cv.2.4.10\x64\Release\mt_framework_2015_cv.2.4.10.exe
