c:\users\jonny0815\source\repos\multitouch\mt_framework_2015_cv.2.4.10\mt_framework_2015_cv.2.4.10\x64\release\vc141.pdb
c:\users\jonny0815\source\repos\multitouch\mt_framework_2015_cv.2.4.10\mt_framework_2015_cv.2.4.10\x64\release\main.obj
c:\users\jonny0815\source\repos\multitouch\mt_framework_2015_cv.2.4.10\mt_framework_2015_cv.2.4.10\x64\release\finger.obj
c:\users\jonny0815\source\repos\multitouch\mt_framework_2015_cv.2.4.10\mt_framework_2015_cv.2.4.10\x64\release\tuiotime.obj
c:\users\jonny0815\source\repos\multitouch\mt_framework_2015_cv.2.4.10\mt_framework_2015_cv.2.4.10\x64\release\tuioserver.obj
c:\users\jonny0815\source\repos\multitouch\mt_framework_2015_cv.2.4.10\mt_framework_2015_cv.2.4.10\x64\release\osctypes.obj
c:\users\jonny0815\source\repos\multitouch\mt_framework_2015_cv.2.4.10\mt_framework_2015_cv.2.4.10\x64\release\oscoutboundpacketstream.obj
c:\users\jonny0815\source\repos\multitouch\mt_framework_2015_cv.2.4.10\mt_framework_2015_cv.2.4.10\x64\release\udpsocket.obj
c:\users\jonny0815\source\repos\multitouch\mt_framework_2015_cv.2.4.10\mt_framework_2015_cv.2.4.10\x64\release\networkingutils.obj
c:\users\jonny0815\source\repos\multitouch\mt_framework_2015_cv.2.4.10\x64\release\mt_framework_2015_cv.2.4.10.exe
c:\users\jonny0815\source\repos\multitouch\mt_framework_2015_cv.2.4.10\x64\release\mt_framework_2015_cv.2.4.10.pdb
c:\users\jonny0815\source\repos\multitouch\mt_framework_2015_cv.2.4.10\x64\release\mt_framework_2015_cv.2.4.10.ipdb
c:\users\jonny0815\source\repos\multitouch\mt_framework_2015_cv.2.4.10\x64\release\mt_framework_2015_cv.2.4.10.iobj
c:\users\jonny0815\source\repos\multitouch\mt_framework_2015_cv.2.4.10\mt_framework_2015_cv.2.4.10\x64\release\mt_frame.2ee7537f.tlog\cl.command.1.tlog
c:\users\jonny0815\source\repos\multitouch\mt_framework_2015_cv.2.4.10\mt_framework_2015_cv.2.4.10\x64\release\mt_frame.2ee7537f.tlog\cl.read.1.tlog
c:\users\jonny0815\source\repos\multitouch\mt_framework_2015_cv.2.4.10\mt_framework_2015_cv.2.4.10\x64\release\mt_frame.2ee7537f.tlog\cl.write.1.tlog
c:\users\jonny0815\source\repos\multitouch\mt_framework_2015_cv.2.4.10\mt_framework_2015_cv.2.4.10\x64\release\mt_frame.2ee7537f.tlog\link.command.1.tlog
c:\users\jonny0815\source\repos\multitouch\mt_framework_2015_cv.2.4.10\mt_framework_2015_cv.2.4.10\x64\release\mt_frame.2ee7537f.tlog\link.read.1.tlog
c:\users\jonny0815\source\repos\multitouch\mt_framework_2015_cv.2.4.10\mt_framework_2015_cv.2.4.10\x64\release\mt_frame.2ee7537f.tlog\link.write.1.tlog
c:\users\jonny0815\source\repos\multitouch\mt_framework_2015_cv.2.4.10\mt_framework_2015_cv.2.4.10\x64\release\mt_frame.2ee7537f.tlog\mt_framework_2015_cv.2.4.10.write.1u.tlog
